<?xml version="1.0" encoding="UTF-8"?>
<!-- Generated by org.testng.reporters.JUnitReportReporter -->
<testsuite hostname="DESKTOP-5Q078GF" failures="0" tests="3" name="Practise.TestNGP" time="0.015" errors="0" timestamp="2022-06-07T10:12:30 IST" skipped="0">
  <testcase classname="Practise.TestNGP" name="modifyContactTest" time="0.009"/>
  <system-out/>
  <testcase classname="Practise.TestNGP" name="createContactTest" time="0.002"/>
  <system-out/>
  <testcase classname="Practise.TestNGP" name="deleteContactTest" time="0.004"/>
  <system-out/>
</testsuite> <!-- Practise.TestNGP -->
