<?xml version="1.0" encoding="UTF-8"?>
<!-- Generated by org.testng.reporters.JUnitReportReporter -->
<testsuite hostname="DESKTOP-5Q078GF" failures="0" tests="1" name="com.crm.comcast.contactTest.CreateContactWithoutLastName" time="14.722" errors="0" timestamp="2022-06-13T16:47:39 IST" skipped="0">
  <testcase classname="com.crm.comcast.contactTest.CreateContactWithoutLastName" name="createContactTest" time="14.722"/>
  <system-out/>
</testsuite> <!-- com.crm.comcast.contactTest.CreateContactWithoutLastName -->
