<?xml version="1.0" encoding="UTF-8"?>
<!-- Generated by org.testng.reporters.JUnitReportReporter -->
<testsuite hostname="DESKTOP-5Q078GF" failures="0" tests="2" name="Practise.DataProviderwithExcel" time="0.010" errors="0" timestamp="2022-06-11T11:42:45 IST" skipped="0">
  <testcase classname="Practise.DataProviderwithExcel" name="bookTicket" time="0.001"/>
  <system-out/>
  <testcase classname="Practise.DataProviderwithExcel" name="bookTicket" time="0.009"/>
  <system-out/>
</testsuite> <!-- Practise.DataProviderwithExcel -->
