<?xml version="1.0" encoding="UTF-8"?>
<!-- Generated by org.testng.reporters.JUnitReportReporter -->
<testsuite hostname="DESKTOP-5Q078GF" failures="0" tests="3" name="Practise.DataProvider1" time="0.009" errors="0" timestamp="2022-06-11T11:00:10 IST" skipped="0">
  <testcase classname="Practise.DataProvider1" name="bookTicket" time="0.001"/>
  <system-out/>
  <testcase classname="Practise.DataProvider1" name="bookTicket" time="0.003"/>
  <system-out/>
  <testcase classname="Practise.DataProvider1" name="bookTicket" time="0.005"/>
  <system-out/>
</testsuite> <!-- Practise.DataProvider1 -->
