<?xml version="1.0" encoding="UTF-8"?>
<!-- Generated by org.testng.reporters.JUnitReportReporter -->
<testsuite hostname="DESKTOP-5Q078GF" failures="0" tests="1" name="Practise.CrossPlatform" time="24.380" errors="0" timestamp="2022-06-22T22:19:04 IST" skipped="0">
  <testcase classname="Practise.CrossPlatform" name="m1" time="24.380"/>
  <system-out/>
</testsuite> <!-- Practise.CrossPlatform -->
