<?xml version="1.0" encoding="UTF-8"?>
<!-- Generated by org.testng.reporters.JUnitReportReporter -->
<testsuite hostname="DESKTOP-5Q078GF" failures="0" tests="2" name="Regional_regression.GroupingMethodsTest" time="57.932" errors="0" timestamp="2022-06-09T17:20:05 IST" skipped="0">
  <testcase classname="Regional_regression.GroupingMethodsTest" name="createContact" time="35.782"/>
  <system-out/>
  <testcase classname="Regional_regression.GroupingMethodsTest" name="deleteContact" time="22.150"/>
  <system-out/>
</testsuite> <!-- Regional_regression.GroupingMethodsTest -->
