<?xml version="1.0" encoding="UTF-8"?>
<!-- Generated by org.testng.reporters.JUnitReportReporter -->
<testsuite hostname="DESKTOP-5Q078GF" failures="0" tests="1" name="com.crm.comcast.contactTest.DeleteContactTest" time="81.144" errors="0" timestamp="2022-06-13T19:37:02 IST" skipped="0">
  <testcase classname="com.crm.comcast.contactTest.DeleteContactTest" name="deleteContact" time="81.144"/>
  <system-out/>
</testsuite> <!-- com.crm.comcast.contactTest.DeleteContactTest -->
