<?xml version="1.0" encoding="UTF-8"?>
<!-- Generated by org.testng.reporters.JUnitReportReporter -->
<testsuite hostname="DESKTOP-5Q078GF" failures="0" tests="2" name="Regional_regression.RegressionTest" time="56.180" errors="0" timestamp="2022-06-09T16:30:14 IST" skipped="0">
  <testcase classname="Regional_regression.RegressionTest" name="createContact" time="33.346"/>
  <system-out/>
  <testcase classname="Regional_regression.RegressionTest" name="deleteContact" time="22.834"/>
  <system-out/>
</testsuite> <!-- Regional_regression.RegressionTest -->
