<?xml version="1.0" encoding="UTF-8"?>
<!-- Generated by org.testng.reporters.JUnitReportReporter -->
<testsuite hostname="DESKTOP-5Q078GF" failures="0" tests="1" name="com.crm.comcast.campaignTest.CreateCampaignWithProductTest" time="67.942" errors="0" timestamp="2022-06-09T18:49:32 IST" skipped="0">
  <testcase classname="com.crm.comcast.campaignTest.CreateCampaignWithProductTest" name="CreateCampaignwithProductTest" time="67.942"/>
  <system-out/>
</testsuite> <!-- com.crm.comcast.campaignTest.CreateCampaignWithProductTest -->
